<?xml version="1.0" encoding="UTF-8"?>
<!-- Generated by org.testng.reporters.JUnitReportReporter -->
<testsuite hostname="CHPNXDT-604" failures="0" tests="5" name="scripts.SettingsScripts" time="68.675" errors="0" timestamp="2022-02-22T13:57:47 IST" skipped="4">
  <testcase classname="scripts.SettingsScripts" name="JobStatusShouldBeShownAsSuccessInJobsScreen_289924" time="68.675"/>
  <testcase classname="scripts.SettingsScripts" name="VerifyAbleToUploadDownloadCustomerReportUsingParamterWitHttpsAndHttp_256803">
    <skipped/>
  </testcase> <!-- VerifyAbleToUploadDownloadCustomerReportUsingParamterWitHttpsAndHttp_256803 -->
  <testcase classname="scripts.SettingsScripts" name="SystemParameter540And549UpdatedInPoliceIsUpdatedInFire_257059">
    <skipped/>
  </testcase> <!-- SystemParameter540And549UpdatedInPoliceIsUpdatedInFire_257059 -->
  <testcase classname="scripts.SettingsScripts" name="VerifyAbleToUploadDownloadCustomerReportUsingParamterWitHttpsAndHttp_254474">
    <skipped/>
  </testcase> <!-- VerifyAbleToUploadDownloadCustomerReportUsingParamterWitHttpsAndHttp_254474 -->
  <testcase classname="scripts.SettingsScripts" name="Police2020SettingsModule_243683">
    <skipped/>
  </testcase> <!-- Police2020SettingsModule_243683 -->
</testsuite> <!-- scripts.SettingsScripts -->
