<?xml version="1.0" encoding="UTF-8"?>
<!-- Generated by org.testng.reporters.JUnitReportReporter -->
<testsuite hostname="CHPNXDT-604" failures="0" tests="1" name="scripts.NamesScripts" time="197.052" errors="0" timestamp="2022-02-25T12:47:31 IST" skipped="0">
  <testcase classname="scripts.NamesScripts" name="DeleteOptionShouldBeWorkedUnderQAFormsTabInArrestEntryScreen_289831" time="197.052"/>
</testsuite> <!-- scripts.NamesScripts -->
