<?xml version="1.0" encoding="UTF-8"?>
<!-- Generated by org.testng.reporters.JUnitReportReporter -->
<testsuite hostname="CHPNXDT-604" failures="0" tests="2" name="scripts.HomeScripts" time="106.999" errors="0" timestamp="2022-02-24T23:29:13 IST" skipped="1">
  <testcase classname="scripts.HomeScripts" name="AllowedToAddRemoveFavoriteScreenFromFavoriteModule_289832" time="106.999"/>
  <testcase classname="scripts.HomeScripts" name="Verify_the_record_requet_entrie_showing_in_My_Reminders_tab_For_Officer_250173">
    <skipped/>
  </testcase> <!-- Verify_the_record_requet_entrie_showing_in_My_Reminders_tab_For_Officer_250173 -->
</testsuite> <!-- scripts.HomeScripts -->
